TN:
SF:src\pipeline-invaders.ts
FN:18,setScore
FN:22,setServerHealth
FN:26,setIsGameOver
FN:30,setFireRate
FN:59,(anonymous_11)
FN:60,(anonymous_12)
FN:63,loadImage
FN:85,(anonymous_14)
FN:89,(anonymous_15)
FN:93,(anonymous_16)
FN:97,(anonymous_17)
FN:104,gameLoop
FN:148,drawTintedImage
FN:157,shoot
FN:165,updateBullets
FN:166,(anonymous_22)
FN:178,generateEnemies
FN:193,updateEnemies
FN:195,(anonymous_25)
FN:210,(anonymous_26)
FN:222,checkCollision
FN:228,dropPowerUp
FN:237,updatePowerUps
FN:238,(anonymous_30)
FN:257,activatePowerUp
FN:264,resetPowerUp
FN:271,autoShoot
FN:272,(anonymous_34)
FN:275,(anonymous_35)
FN:279,displayMessage
FN:289,(anonymous_37)
FN:293,updateScoreboard
FN:299,gameOver
FN:309,promptPlayerName
FN:321,postHighScore
FN:337,fetchHighScores
FN:343,(anonymous_45)
FN:354,(anonymous_46)
FN:360,openHighscoreDialog
FN:366,showHighscoreDialog
FN:374,closeHighscoreDialog
FN:382,showRestartButton
FN:391,resetGame
FN:407,hideRestartButton
FNF:44
FNH:30
FNDA:21,setScore
FNDA:22,setServerHealth
FNDA:20,setIsGameOver
FNDA:20,setFireRate
FNDA:3,(anonymous_11)
FNDA:0,(anonymous_12)
FNDA:7,loadImage
FNDA:1,(anonymous_14)
FNDA:0,(anonymous_15)
FNDA:0,(anonymous_16)
FNDA:0,(anonymous_17)
FNDA:5,gameLoop
FNDA:0,drawTintedImage
FNDA:0,shoot
FNDA:1,updateBullets
FNDA:1,(anonymous_22)
FNDA:1,generateEnemies
FNDA:0,updateEnemies
FNDA:0,(anonymous_25)
FNDA:0,(anonymous_26)
FNDA:1,checkCollision
FNDA:1,dropPowerUp
FNDA:0,updatePowerUps
FNDA:0,(anonymous_30)
FNDA:1,activatePowerUp
FNDA:1,resetPowerUp
FNDA:1,autoShoot
FNDA:9,(anonymous_34)
FNDA:0,(anonymous_35)
FNDA:2,displayMessage
FNDA:1,(anonymous_37)
FNDA:1,updateScoreboard
FNDA:1,gameOver
FNDA:2,promptPlayerName
FNDA:1,postHighScore
FNDA:4,fetchHighScores
FNDA:0,(anonymous_45)
FNDA:0,(anonymous_46)
FNDA:1,openHighscoreDialog
FNDA:2,showHighscoreDialog
FNDA:2,closeHighscoreDialog
FNDA:2,showRestartButton
FNDA:1,resetGame
FNDA:2,hideRestartButton
DA:4,1
DA:5,1
DA:6,1
DA:7,1
DA:8,1
DA:9,1
DA:10,1
DA:11,1
DA:12,1
DA:13,1
DA:14,1
DA:15,1
DA:18,1
DA:19,21
DA:22,1
DA:23,22
DA:26,1
DA:27,20
DA:30,1
DA:31,20
DA:35,1
DA:46,1
DA:49,1
DA:52,1
DA:55,1
DA:58,1
DA:59,3
DA:60,1
DA:64,7
DA:65,7
DA:66,7
DA:70,1
DA:76,1
DA:84,1
DA:86,1
DA:87,1
DA:90,0
DA:91,0
DA:94,0
DA:95,0
DA:98,0
DA:99,0
DA:104,1
DA:105,5
DA:108,5
DA:111,0
DA:114,0
DA:115,0
DA:117,0
DA:118,0
DA:122,0
DA:123,0
DA:127,0
DA:130,0
DA:133,0
DA:136,0
DA:137,0
DA:141,0
DA:144,0
DA:149,0
DA:150,0
DA:151,0
DA:152,0
DA:153,0
DA:157,1
DA:158,0
DA:159,0
DA:160,0
DA:165,1
DA:166,1
DA:167,1
DA:168,1
DA:169,0
DA:171,1
DA:172,0
DA:178,1
DA:179,1
DA:180,0
DA:181,0
DA:182,0
DA:193,1
DA:194,0
DA:195,0
DA:196,0
DA:197,0
DA:198,0
DA:199,0
DA:200,0
DA:201,0
DA:204,0
DA:205,0
DA:206,0
DA:207,0
DA:210,0
DA:211,0
DA:212,0
DA:213,0
DA:214,0
DA:215,0
DA:222,1
DA:223,1
DA:228,1
DA:229,1
DA:230,0
DA:231,0
DA:232,0
DA:237,1
DA:238,0
DA:239,0
DA:240,0
DA:241,0
DA:243,0
DA:244,0
DA:245,0
DA:246,0
DA:249,0
DA:250,0
DA:251,0
DA:257,1
DA:258,1
DA:259,1
DA:260,1
DA:264,1
DA:265,1
DA:266,1
DA:267,1
DA:271,1
DA:272,1
DA:273,9
DA:275,1
DA:279,1
DA:280,2
DA:281,2
DA:282,2
DA:283,2
DA:284,2
DA:285,2
DA:286,2
DA:287,2
DA:288,2
DA:289,1
DA:293,1
DA:294,1
DA:295,0
DA:299,1
DA:300,1
DA:301,1
DA:302,1
DA:303,1
DA:304,1
DA:305,1
DA:309,1
DA:310,2
DA:311,1
DA:312,1
DA:313,0
DA:315,1
DA:321,1
DA:322,1
DA:323,1
DA:324,1
DA:332,1
DA:337,1
DA:338,4
DA:339,4
DA:340,0
DA:341,0
DA:342,0
DA:343,0
DA:344,0
DA:345,0
DA:346,0
DA:349,4
DA:354,1
DA:355,0
DA:356,0
DA:360,1
DA:361,1
DA:362,1
DA:366,1
DA:367,2
DA:368,2
DA:369,0
DA:374,1
DA:375,2
DA:376,2
DA:377,0
DA:382,1
DA:383,2
DA:384,2
DA:385,2
DA:386,0
DA:391,1
DA:392,1
DA:393,1
DA:394,1
DA:395,1
DA:396,1
DA:397,1
DA:398,1
DA:399,1
DA:400,1
DA:401,1
DA:402,1
DA:403,1
DA:407,1
DA:408,2
DA:409,2
DA:410,0
DA:415,1
LF:210
LH:130
BRDA:15,0,0,1
BRDA:15,0,1,1
BRDA:105,1,0,0
BRDA:114,2,0,0
BRDA:114,3,0,0
BRDA:114,3,1,0
BRDA:117,4,0,0
BRDA:117,5,0,0
BRDA:117,5,1,0
BRDA:122,6,0,0
BRDA:136,7,0,0
BRDA:136,8,0,0
BRDA:136,8,1,0
BRDA:158,9,0,0
BRDA:168,10,0,0
BRDA:168,10,1,1
BRDA:179,11,0,0
BRDA:197,12,0,0
BRDA:197,12,1,0
BRDA:200,13,0,0
BRDA:206,14,0,0
BRDA:206,15,0,0
BRDA:206,15,1,0
BRDA:211,16,0,0
BRDA:223,17,0,1
BRDA:223,17,1,1
BRDA:223,17,2,1
BRDA:223,17,3,1
BRDA:229,18,0,0
BRDA:240,19,0,0
BRDA:240,19,1,0
BRDA:245,20,0,0
BRDA:245,21,0,0
BRDA:245,21,1,0
BRDA:249,22,0,0
BRDA:310,23,0,1
BRDA:312,24,0,0
BRDA:312,24,1,1
BRDA:354,25,0,1
BRDA:354,25,1,0
BRDA:354,26,0,1
BRDA:354,26,1,0
BRDA:368,27,0,0
BRDA:376,28,0,0
BRDA:385,29,0,0
BRDA:409,30,0,0
BRF:46
BRH:11
end_of_record
